#
# There is insufficient memory for the Java Runtime Environment to continue.
# Native memory allocation (malloc) failed to allocate 550896 bytes for Chunk::new
# Possible reasons:
#   The system is out of physical RAM or swap space
#   The process is running with CompressedOops enabled, and the Java Heap may be blocking the growth of the native heap
# Possible solutions:
#   Reduce memory load on the system
#   Increase physical memory or swap space
#   Check if swap backing store is full
#   Decrease Java heap size (-Xmx/-Xms)
#   Decrease number of Java threads
#   Decrease Java thread stack sizes (-Xss)
#   Set larger code cache with -XX:ReservedCodeCacheSize=
#   JVM is running with Unscaled Compressed Oops mode in which the Java heap is
#     placed in the first 4GB address space. The Java Heap base address is the
#     maximum limit for the native heap growth. Please use -XX:HeapBaseMinAddress
#     to set the Java Heap base and to place the Java Heap above 4GB virtual address.
# This output file may be truncated or incomplete.
#
#  Out of Memory Error (./open/src/hotspot/share/memory/arena.cpp:197), pid=9900, tid=14396
#
# JRE version: Java(TM) SE Runtime Environment 18.9 (11.0.18+9) (build 11.0.18+9-LTS-195)
# Java VM: Java HotSpot(TM) 64-Bit Server VM 18.9 (11.0.18+9-LTS-195, mixed mode, tiered, compressed oops, g1 gc, windows-amd64)
# No core dump will be written. Minidumps are not enabled by default on client versions of Windows
#

---------------  S U M M A R Y ------------

Command Line: apigateway-0.0.1-SNAPSHOT.jar

Host: Intel(R) Core(TM) i5-9300H CPU @ 2.40GHz, 8 cores, 7G,  Windows 11 , 64 bit Build 22621 (10.0.22621.2215)
Time: Thu Oct 12 13:35:05 2023 SE Asia Standard Time elapsed time: 59.878866 seconds (0d 0h 0m 59s)

---------------  T H R E A D  ---------------

Current thread (0x0000013a655c2800):  JavaThread "C2 CompilerThread0" daemon [_thread_in_native, id=14396, stack(0x0000003236300000,0x0000003236400000)]


Current CompileTask:
C2:  59878 5476   !   4       java.util.concurrent.ConcurrentHashMap::transfer (828 bytes)

Stack: [0x0000003236300000,0x0000003236400000]
Native frames: (J=compiled Java code, j=interpreted, Vv=VM code, C=native code)
V  [jvm.dll+0x65d8aa]
V  [jvm.dll+0x79fc1f]
V  [jvm.dll+0x7a12e9]
V  [jvm.dll+0x7a1983]
V  [jvm.dll+0x2585b5]
V  [jvm.dll+0xb284c]
V  [jvm.dll+0xb2e0c]
V  [jvm.dll+0x365ddf]
V  [jvm.dll+0x1a2232]
V  [jvm.dll+0x2114fd]
V  [jvm.dll+0x210378]
V  [jvm.dll+0x18c641]
V  [jvm.dll+0x220609]
V  [jvm.dll+0x21e92c]
V  [jvm.dll+0x763f61]
V  [jvm.dll+0x75c924]
V  [jvm.dll+0x65c755]
C  [ucrtbase.dll+0x29363]
C  [KERNEL32.DLL+0x1257d]
C  [ntdll.dll+0x5aa68]


---------------  P R O C E S S  ---------------

Threads class SMR info:
_java_thread_list=0x0000013a657e93f0, length=28, elements={
0x0000013a64c54000, 0x0000013a64c4a800, 0x0000013a64c60000, 0x0000013a64c61800,
0x0000013a655b5800, 0x0000013a655c2800, 0x0000013a64c66800, 0x0000013a64c69000,
0x0000013a65730800, 0x0000013a69c50800, 0x0000013a68368800, 0x0000013a68589000,
0x0000013a66c48800, 0x0000013a6a52a800, 0x0000013a65f7c800, 0x0000013a65f78800,
0x0000013a65f7d800, 0x0000013a65f7b000, 0x0000013a65f7e000, 0x0000013a65f7c000,
0x0000013a65f7f000, 0x0000013a65f79800, 0x0000013a65f7a000, 0x0000013a662a8000,
0x0000013a662a7800, 0x0000013a662a6800, 0x0000013a662a5000, 0x0000013a662a9000
}

Java Threads: ( => current thread )
  0x0000013a64c54000 JavaThread "Reference Handler" daemon [_thread_blocked, id=22680, stack(0x0000003235e00000,0x0000003235f00000)]
  0x0000013a64c4a800 JavaThread "Finalizer" daemon [_thread_blocked, id=1672, stack(0x0000003235f00000,0x0000003236000000)]
  0x0000013a64c60000 JavaThread "Signal Dispatcher" daemon [_thread_blocked, id=10348, stack(0x0000003236000000,0x0000003236100000)]
  0x0000013a64c61800 JavaThread "Attach Listener" daemon [_thread_blocked, id=20420, stack(0x0000003236100000,0x0000003236200000)]
  0x0000013a655b5800 JavaThread "Service Thread" daemon [_thread_blocked, id=17840, stack(0x0000003236200000,0x0000003236300000)]
=>0x0000013a655c2800 JavaThread "C2 CompilerThread0" daemon [_thread_in_native, id=14396, stack(0x0000003236300000,0x0000003236400000)]
  0x0000013a64c66800 JavaThread "C1 CompilerThread0" daemon [_thread_blocked, id=25392, stack(0x0000003236400000,0x0000003236500000)]
  0x0000013a64c69000 JavaThread "Sweeper thread" daemon [_thread_blocked, id=18152, stack(0x0000003236500000,0x0000003236600000)]
  0x0000013a65730800 JavaThread "Common-Cleaner" daemon [_thread_blocked, id=9568, stack(0x0000003236700000,0x0000003236800000)]
  0x0000013a69c50800 JavaThread "boundedElastic-evictor-1" daemon [_thread_blocked, id=11424, stack(0x0000003236800000,0x0000003236900000)]
  0x0000013a68368800 JavaThread "spring.cloud.inetutils" daemon [_thread_blocked, id=12972, stack(0x0000003236d00000,0x0000003236e00000)]
  0x0000013a68589000 JavaThread "AsyncResolver-bootstrap-0" daemon [_thread_blocked, id=25312, stack(0x0000003237000000,0x0000003237100000)]
  0x0000013a66c48800 JavaThread "DiscoveryClient-0" daemon [_thread_blocked, id=8256, stack(0x0000003237100000,0x0000003237200000)]
  0x0000013a6a52a800 JavaThread "DiscoveryClient-1" daemon [_thread_blocked, id=17160, stack(0x0000003237200000,0x0000003237300000)]
  0x0000013a65f7c800 JavaThread "DiscoveryClient-InstanceInfoReplicator-0" daemon [_thread_blocked, id=19520, stack(0x0000003237300000,0x0000003237400000)]
  0x0000013a65f78800 JavaThread "reactor-http-nio-1" daemon [_thread_in_native, id=24700, stack(0x0000003237400000,0x0000003237500000)]
  0x0000013a65f7d800 JavaThread "server" [_thread_blocked, id=24164, stack(0x0000003237500000,0x0000003237600000)]
  0x0000013a65f7b000 JavaThread "DestroyJavaVM" [_thread_blocked, id=13084, stack(0x0000003235700000,0x0000003235800000)]
  0x0000013a65f7e000 JavaThread "DiscoveryClient-CacheRefreshExecutor-0" daemon [_thread_blocked, id=10556, stack(0x0000003237800000,0x0000003237900000)]
  0x0000013a65f7c000 JavaThread "DiscoveryClient-HeartbeatExecutor-0" daemon [_thread_blocked, id=9888, stack(0x0000003237900000,0x0000003237a00000)]
  0x0000013a65f7f000 JavaThread "reactor-http-nio-2" daemon [_thread_in_native, id=5632, stack(0x0000003237a00000,0x0000003237b00000)]
  0x0000013a65f79800 JavaThread "reactor-http-nio-3" daemon [_thread_in_native, id=23068, stack(0x0000003237b00000,0x0000003237c00000)]
  0x0000013a65f7a000 JavaThread "reactor-http-nio-4" daemon [_thread_in_native, id=16236, stack(0x0000003237c00000,0x0000003237d00000)]
  0x0000013a662a8000 JavaThread "reactor-http-nio-5" daemon [_thread_in_native, id=9036, stack(0x0000003237d00000,0x0000003237e00000)]
  0x0000013a662a7800 JavaThread "reactor-http-nio-6" daemon [_thread_in_native, id=17940, stack(0x0000003237e00000,0x0000003237f00000)]
  0x0000013a662a6800 JavaThread "reactor-http-nio-7" daemon [_thread_in_native, id=1324, stack(0x0000003237f00000,0x0000003238000000)]
  0x0000013a662a5000 JavaThread "reactor-http-nio-8" daemon [_thread_in_native, id=14244, stack(0x0000003238000000,0x0000003238100000)]
  0x0000013a662a9000 JavaThread "Thread-11" daemon [_thread_in_native, id=12900, stack(0x0000003238100000,0x0000003238200000)]

Other Threads:
  0x0000013a64c1f800 VMThread "VM Thread" [stack: 0x0000003235d00000,0x0000003235e00000] [id=21832]
  0x0000013a65730000 WatcherThread [stack: 0x0000003236600000,0x0000003236700000] [id=13376]
  0x0000013a46dce800 GCTaskThread "GC Thread#0" [stack: 0x0000003235800000,0x0000003235900000] [id=4812]
  0x0000013a66557000 GCTaskThread "GC Thread#1" [stack: 0x0000003236900000,0x0000003236a00000] [id=24580]
  0x0000013a6616d000 GCTaskThread "GC Thread#2" [stack: 0x0000003236a00000,0x0000003236b00000] [id=21468]
  0x0000013a67dee800 GCTaskThread "GC Thread#3" [stack: 0x0000003236b00000,0x0000003236c00000] [id=22468]
  0x0000013a66ad2000 GCTaskThread "GC Thread#4" [stack: 0x0000003236e00000,0x0000003236f00000] [id=11872]
  0x0000013a681b0000 GCTaskThread "GC Thread#5" [stack: 0x0000003236f00000,0x0000003237000000] [id=19184]
  0x0000013a46dfd800 ConcurrentGCThread "G1 Main Marker" [stack: 0x0000003235900000,0x0000003235a00000] [id=15580]
  0x0000013a46dfe800 ConcurrentGCThread "G1 Conc#0" [stack: 0x0000003235a00000,0x0000003235b00000] [id=16824]
  0x0000013a65cc6000 ConcurrentGCThread "G1 Conc#1" [stack: 0x0000003236c00000,0x0000003236d00000] [id=24292]
  0x0000013a64a86000 ConcurrentGCThread "G1 Refine#0" [stack: 0x0000003235b00000,0x0000003235c00000] [id=18760]
  0x0000013a64a87000 ConcurrentGCThread "G1 Young RemSet Sampling" [stack: 0x0000003235c00000,0x0000003235d00000] [id=23380]

Threads with active compile tasks:
C2 CompilerThread0    59925 5476   !   4       java.util.concurrent.ConcurrentHashMap::transfer (828 bytes)

VM state:not at safepoint (normal execution)

VM Mutex/Monitor currently owned by a thread: None

Heap address: 0x0000000083600000, size: 1994 MB, Compressed Oops mode: 32-bit
Narrow klass base: 0x0000000000000000, Narrow klass shift: 3
Compressed class space size: 1073741824 Address: 0x0000000100000000

Heap:
 garbage-first heap   total 187392K, used 31666K [0x0000000083600000, 0x0000000100000000)
  region size 1024K, 18 young (18432K), 9 survivors (9216K)
 Metaspace       used 57910K, capacity 59433K, committed 59776K, reserved 1101824K
  class space    used 7310K, capacity 7955K, committed 8064K, reserved 1048576K
Heap Regions: E=young(eden), S=young(survivor), O=old, HS=humongous(starts), HC=humongous(continues), CS=collection set, F=free, A=archive, TAMS=top-at-mark-start (previous, next)
|   0|0x0000000083600000, 0x0000000083700000, 0x0000000083700000|100%| O|  |TAMS 0x0000000083700000, 0x0000000083600000| Untracked 
|   1|0x0000000083700000, 0x0000000083800000, 0x0000000083800000|100%| O|  |TAMS 0x0000000083800000, 0x0000000083700000| Untracked 
|   2|0x0000000083800000, 0x0000000083900000, 0x0000000083900000|100%| O|  |TAMS 0x0000000083900000, 0x0000000083800000| Untracked 
|   3|0x0000000083900000, 0x0000000083a00000, 0x0000000083a00000|100%| O|  |TAMS 0x0000000083a00000, 0x0000000083900000| Untracked 
|   4|0x0000000083a00000, 0x0000000083b00000, 0x0000000083b00000|100%| O|  |TAMS 0x0000000083b00000, 0x0000000083a00000| Untracked 
|   5|0x0000000083b00000, 0x0000000083c00000, 0x0000000083c00000|100%| O|  |TAMS 0x0000000083b55c00, 0x0000000083b00000| Untracked 
|   6|0x0000000083c00000, 0x0000000083d00000, 0x0000000083d00000|100%| O|  |TAMS 0x0000000083c00000, 0x0000000083c00000| Untracked 
|   7|0x0000000083d00000, 0x0000000083e00000, 0x0000000083e00000|100%| O|  |TAMS 0x0000000083d00000, 0x0000000083d00000| Untracked 
|   8|0x0000000083e00000, 0x0000000083f00000, 0x0000000083f00000|100%| O|  |TAMS 0x0000000083e00000, 0x0000000083e00000| Untracked 
|   9|0x0000000083f00000, 0x0000000084000000, 0x0000000084000000|100%| O|  |TAMS 0x0000000083f00000, 0x0000000083f00000| Untracked 
|  10|0x0000000084000000, 0x0000000084100000, 0x0000000084100000|100%| O|  |TAMS 0x0000000084000000, 0x0000000084000000| Untracked 
|  11|0x0000000084100000, 0x0000000084200000, 0x0000000084200000|100%| O|  |TAMS 0x0000000084100000, 0x0000000084100000| Untracked 
|  12|0x0000000084200000, 0x0000000084300000, 0x0000000084300000|100%| O|  |TAMS 0x0000000084200000, 0x0000000084200000| Untracked 
|  13|0x0000000084300000, 0x00000000843eca00, 0x0000000084400000| 92%| O|  |TAMS 0x0000000084300000, 0x0000000084300000| Untracked 
|  14|0x0000000084400000, 0x0000000084400000, 0x0000000084500000|  0%| F|  |TAMS 0x0000000084400000, 0x0000000084400000| Untracked 
|  15|0x0000000084500000, 0x0000000084500000, 0x0000000084600000|  0%| F|  |TAMS 0x0000000084500000, 0x0000000084500000| Untracked 
|  16|0x0000000084600000, 0x0000000084600000, 0x0000000084700000|  0%| F|  |TAMS 0x0000000084600000, 0x0000000084600000| Untracked 
|  17|0x0000000084700000, 0x0000000084700000, 0x0000000084800000|  0%| F|  |TAMS 0x0000000084700000, 0x0000000084700000| Untracked 
|  18|0x0000000084800000, 0x0000000084800000, 0x0000000084900000|  0%| F|  |TAMS 0x0000000084800000, 0x0000000084800000| Untracked 
|  19|0x0000000084900000, 0x0000000084900000, 0x0000000084a00000|  0%| F|  |TAMS 0x0000000084900000, 0x0000000084900000| Untracked 
|  20|0x0000000084a00000, 0x0000000084a00000, 0x0000000084b00000|  0%| F|  |TAMS 0x0000000084a00000, 0x0000000084a00000| Untracked 
|  21|0x0000000084b00000, 0x0000000084b00000, 0x0000000084c00000|  0%| F|  |TAMS 0x0000000084b00000, 0x0000000084b00000| Untracked 
|  22|0x0000000084c00000, 0x0000000084c00000, 0x0000000084d00000|  0%| F|  |TAMS 0x0000000084c00000, 0x0000000084c00000| Untracked 
|  23|0x0000000084d00000, 0x0000000084d00000, 0x0000000084e00000|  0%| F|  |TAMS 0x0000000084d00000, 0x0000000084d00000| Untracked 
|  24|0x0000000084e00000, 0x0000000084e00000, 0x0000000084f00000|  0%| F|  |TAMS 0x0000000084e00000, 0x0000000084e00000| Untracked 
|  25|0x0000000084f00000, 0x0000000084f00000, 0x0000000085000000|  0%| F|  |TAMS 0x0000000084f00000, 0x0000000084f00000| Untracked 
|  26|0x0000000085000000, 0x0000000085000000, 0x0000000085100000|  0%| F|  |TAMS 0x0000000085000000, 0x0000000085000000| Untracked 
|  27|0x0000000085100000, 0x0000000085100000, 0x0000000085200000|  0%| F|  |TAMS 0x0000000085100000, 0x0000000085100000| Untracked 
|  28|0x0000000085200000, 0x0000000085200000, 0x0000000085300000|  0%| F|  |TAMS 0x0000000085200000, 0x0000000085200000| Untracked 
|  29|0x0000000085300000, 0x0000000085300000, 0x0000000085400000|  0%| F|  |TAMS 0x0000000085300000, 0x0000000085300000| Untracked 
|  30|0x0000000085400000, 0x0000000085400000, 0x0000000085500000|  0%| F|  |TAMS 0x0000000085400000, 0x0000000085400000| Untracked 
|  31|0x0000000085500000, 0x0000000085500000, 0x0000000085600000|  0%| F|  |TAMS 0x0000000085500000, 0x0000000085500000| Untracked 
|  32|0x0000000085600000, 0x0000000085600000, 0x0000000085700000|  0%| F|  |TAMS 0x0000000085600000, 0x0000000085600000| Untracked 
|  33|0x0000000085700000, 0x0000000085700000, 0x0000000085800000|  0%| F|  |TAMS 0x0000000085700000, 0x0000000085700000| Untracked 
|  34|0x0000000085800000, 0x0000000085800000, 0x0000000085900000|  0%| F|  |TAMS 0x0000000085800000, 0x0000000085800000| Untracked 
|  35|0x0000000085900000, 0x0000000085900000, 0x0000000085a00000|  0%| F|  |TAMS 0x0000000085900000, 0x0000000085900000| Untracked 
|  36|0x0000000085a00000, 0x0000000085a00000, 0x0000000085b00000|  0%| F|  |TAMS 0x0000000085a00000, 0x0000000085a00000| Untracked 
|  37|0x0000000085b00000, 0x0000000085b00000, 0x0000000085c00000|  0%| F|  |TAMS 0x0000000085b00000, 0x0000000085b00000| Untracked 
|  38|0x0000000085c00000, 0x0000000085c00000, 0x0000000085d00000|  0%| F|  |TAMS 0x0000000085c00000, 0x0000000085c00000| Untracked 
|  39|0x0000000085d00000, 0x0000000085d00000, 0x0000000085e00000|  0%| F|  |TAMS 0x0000000085d00000, 0x0000000085d00000| Untracked 
|  40|0x0000000085e00000, 0x0000000085e00000, 0x0000000085f00000|  0%| F|  |TAMS 0x0000000085e00000, 0x0000000085e00000| Untracked 
|  41|0x0000000085f00000, 0x0000000085f00000, 0x0000000086000000|  0%| F|  |TAMS 0x0000000085f00000, 0x0000000085f00000| Untracked 
|  42|0x0000000086000000, 0x0000000086000000, 0x0000000086100000|  0%| F|  |TAMS 0x0000000086000000, 0x0000000086000000| Untracked 
|  43|0x0000000086100000, 0x0000000086100000, 0x0000000086200000|  0%| F|  |TAMS 0x0000000086100000, 0x0000000086100000| Untracked 
|  44|0x0000000086200000, 0x0000000086200000, 0x0000000086300000|  0%| F|  |TAMS 0x0000000086200000, 0x0000000086200000| Untracked 
|  45|0x0000000086300000, 0x0000000086300000, 0x0000000086400000|  0%| F|  |TAMS 0x0000000086300000, 0x0000000086300000| Untracked 
|  46|0x0000000086400000, 0x0000000086400000, 0x0000000086500000|  0%| F|  |TAMS 0x0000000086400000, 0x0000000086400000| Untracked 
|  47|0x0000000086500000, 0x0000000086500000, 0x0000000086600000|  0%| F|  |TAMS 0x0000000086500000, 0x0000000086500000| Untracked 
|  48|0x0000000086600000, 0x0000000086600000, 0x0000000086700000|  0%| F|  |TAMS 0x0000000086600000, 0x0000000086600000| Untracked 
|  49|0x0000000086700000, 0x0000000086700000, 0x0000000086800000|  0%| F|  |TAMS 0x0000000086700000, 0x0000000086700000| Untracked 
|  50|0x0000000086800000, 0x0000000086800000, 0x0000000086900000|  0%| F|  |TAMS 0x0000000086800000, 0x0000000086800000| Untracked 
|  51|0x0000000086900000, 0x0000000086900000, 0x0000000086a00000|  0%| F|  |TAMS 0x0000000086900000, 0x0000000086900000| Untracked 
|  52|0x0000000086a00000, 0x0000000086a00000, 0x0000000086b00000|  0%| F|  |TAMS 0x0000000086a00000, 0x0000000086a00000| Untracked 
|  53|0x0000000086b00000, 0x0000000086b00000, 0x0000000086c00000|  0%| F|  |TAMS 0x0000000086b00000, 0x0000000086b00000| Untracked 
|  54|0x0000000086c00000, 0x0000000086c00000, 0x0000000086d00000|  0%| F|  |TAMS 0x0000000086c00000, 0x0000000086c00000| Untracked 
|  55|0x0000000086d00000, 0x0000000086d00000, 0x0000000086e00000|  0%| F|  |TAMS 0x0000000086d00000, 0x0000000086d00000| Untracked 
|  56|0x0000000086e00000, 0x0000000086e00000, 0x0000000086f00000|  0%| F|  |TAMS 0x0000000086e00000, 0x0000000086e00000| Untracked 
|  57|0x0000000086f00000, 0x0000000086f00000, 0x0000000087000000|  0%| F|  |TAMS 0x0000000086f00000, 0x0000000086f00000| Untracked 
|  58|0x0000000087000000, 0x0000000087000000, 0x0000000087100000|  0%| F|  |TAMS 0x0000000087000000, 0x0000000087000000| Untracked 
|  59|0x0000000087100000, 0x0000000087100000, 0x0000000087200000|  0%| F|  |TAMS 0x0000000087100000, 0x0000000087100000| Untracked 
|  60|0x0000000087200000, 0x0000000087200000, 0x0000000087300000|  0%| F|  |TAMS 0x0000000087200000, 0x0000000087200000| Untracked 
|  61|0x0000000087300000, 0x0000000087300000, 0x0000000087400000|  0%| F|  |TAMS 0x0000000087300000, 0x0000000087300000| Untracked 
|  62|0x0000000087400000, 0x0000000087400000, 0x0000000087500000|  0%| F|  |TAMS 0x0000000087400000, 0x0000000087400000| Untracked 
|  63|0x0000000087500000, 0x0000000087500000, 0x0000000087600000|  0%| F|  |TAMS 0x0000000087500000, 0x0000000087500000| Untracked 
|  64|0x0000000087600000, 0x0000000087600000, 0x0000000087700000|  0%| F|  |TAMS 0x0000000087600000, 0x0000000087600000| Untracked 
|  65|0x0000000087700000, 0x0000000087800000, 0x0000000087800000|100%| S|CS|TAMS 0x0000000087700000, 0x0000000087700000| Complete 
|  66|0x0000000087800000, 0x0000000087900000, 0x0000000087900000|100%| S|CS|TAMS 0x0000000087800000, 0x0000000087800000| Complete 
|  67|0x0000000087900000, 0x0000000087a00000, 0x0000000087a00000|100%| S|CS|TAMS 0x0000000087900000, 0x0000000087900000| Complete 
|  68|0x0000000087a00000, 0x0000000087b00000, 0x0000000087b00000|100%| S|CS|TAMS 0x0000000087a00000, 0x0000000087a00000| Complete 
|  69|0x0000000087b00000, 0x0000000087c00000, 0x0000000087c00000|100%| S|CS|TAMS 0x0000000087b00000, 0x0000000087b00000| Complete 
|  70|0x0000000087c00000, 0x0000000087d00000, 0x0000000087d00000|100%| S|CS|TAMS 0x0000000087c00000, 0x0000000087c00000| Complete 
|  71|0x0000000087d00000, 0x0000000087d00000, 0x0000000087e00000|  0%| F|  |TAMS 0x0000000087d00000, 0x0000000087d00000| Untracked 
|  72|0x0000000087e00000, 0x0000000087e00000, 0x0000000087f00000|  0%| F|  |TAMS 0x0000000087e00000, 0x0000000087e00000| Untracked 
|  73|0x0000000087f00000, 0x0000000087f00000, 0x0000000088000000|  0%| F|  |TAMS 0x0000000087f00000, 0x0000000087f00000| Untracked 
|  74|0x0000000088000000, 0x0000000088000000, 0x0000000088100000|  0%| F|  |TAMS 0x0000000088000000, 0x0000000088000000| Untracked 
|  75|0x0000000088100000, 0x0000000088100000, 0x0000000088200000|  0%| F|  |TAMS 0x0000000088100000, 0x0000000088100000| Untracked 
|  76|0x0000000088200000, 0x0000000088200000, 0x0000000088300000|  0%| F|  |TAMS 0x0000000088200000, 0x0000000088200000| Untracked 
|  77|0x0000000088300000, 0x0000000088300000, 0x0000000088400000|  0%| F|  |TAMS 0x0000000088300000, 0x0000000088300000| Untracked 
|  78|0x0000000088400000, 0x0000000088400000, 0x0000000088500000|  0%| F|  |TAMS 0x0000000088400000, 0x0000000088400000| Untracked 
|  79|0x0000000088500000, 0x0000000088500000, 0x0000000088600000|  0%| F|  |TAMS 0x0000000088500000, 0x0000000088500000| Untracked 
|  80|0x0000000088600000, 0x0000000088600000, 0x0000000088700000|  0%| F|  |TAMS 0x0000000088600000, 0x0000000088600000| Untracked 
|  81|0x0000000088700000, 0x0000000088700000, 0x0000000088800000|  0%| F|  |TAMS 0x0000000088700000, 0x0000000088700000| Untracked 
|  82|0x0000000088800000, 0x0000000088800000, 0x0000000088900000|  0%| F|  |TAMS 0x0000000088800000, 0x0000000088800000| Untracked 
|  83|0x0000000088900000, 0x0000000088a00000, 0x0000000088a00000|100%| S|CS|TAMS 0x0000000088900000, 0x0000000088900000| Complete 
|  84|0x0000000088a00000, 0x0000000088b00000, 0x0000000088b00000|100%| S|CS|TAMS 0x0000000088a00000, 0x0000000088a00000| Complete 
|  85|0x0000000088b00000, 0x0000000088c00000, 0x0000000088c00000|100%| S|CS|TAMS 0x0000000088b00000, 0x0000000088b00000| Complete 
|  86|0x0000000088c00000, 0x0000000088c00000, 0x0000000088d00000|  0%| F|  |TAMS 0x0000000088c00000, 0x0000000088c00000| Untracked 
|  87|0x0000000088d00000, 0x0000000088d00000, 0x0000000088e00000|  0%| F|  |TAMS 0x0000000088d00000, 0x0000000088d00000| Untracked 
|  88|0x0000000088e00000, 0x0000000088e00000, 0x0000000088f00000|  0%| F|  |TAMS 0x0000000088e00000, 0x0000000088e00000| Untracked 
|  89|0x0000000088f00000, 0x0000000088f00000, 0x0000000089000000|  0%| F|  |TAMS 0x0000000088f00000, 0x0000000088f00000| Untracked 
|  90|0x0000000089000000, 0x0000000089000000, 0x0000000089100000|  0%| F|  |TAMS 0x0000000089000000, 0x0000000089000000| Untracked 
|  91|0x0000000089100000, 0x0000000089100000, 0x0000000089200000|  0%| F|  |TAMS 0x0000000089100000, 0x0000000089100000| Untracked 
|  92|0x0000000089200000, 0x0000000089200000, 0x0000000089300000|  0%| F|  |TAMS 0x0000000089200000, 0x0000000089200000| Untracked 
|  93|0x0000000089300000, 0x0000000089300000, 0x0000000089400000|  0%| F|  |TAMS 0x0000000089300000, 0x0000000089300000| Untracked 
|  94|0x0000000089400000, 0x0000000089400000, 0x0000000089500000|  0%| F|  |TAMS 0x0000000089400000, 0x0000000089400000| Untracked 
|  95|0x0000000089500000, 0x0000000089500000, 0x0000000089600000|  0%| F|  |TAMS 0x0000000089500000, 0x0000000089500000| Untracked 
|  96|0x0000000089600000, 0x0000000089600000, 0x0000000089700000|  0%| F|  |TAMS 0x0000000089600000, 0x0000000089600000| Untracked 
|  97|0x0000000089700000, 0x0000000089700000, 0x0000000089800000|  0%| F|  |TAMS 0x0000000089700000, 0x0000000089700000| Untracked 
|  98|0x0000000089800000, 0x0000000089800000, 0x0000000089900000|  0%| F|  |TAMS 0x0000000089800000, 0x0000000089800000| Untracked 
|  99|0x0000000089900000, 0x0000000089900000, 0x0000000089a00000|  0%| F|  |TAMS 0x0000000089900000, 0x0000000089900000| Untracked 
| 100|0x0000000089a00000, 0x0000000089a00000, 0x0000000089b00000|  0%| F|  |TAMS 0x0000000089a00000, 0x0000000089a00000| Untracked 
| 101|0x0000000089b00000, 0x0000000089b00000, 0x0000000089c00000|  0%| F|  |TAMS 0x0000000089b00000, 0x0000000089b00000| Untracked 
| 102|0x0000000089c00000, 0x0000000089c00000, 0x0000000089d00000|  0%| F|  |TAMS 0x0000000089c00000, 0x0000000089c00000| Untracked 
| 103|0x0000000089d00000, 0x0000000089d00000, 0x0000000089e00000|  0%| F|  |TAMS 0x0000000089d00000, 0x0000000089d00000| Untracked 
| 104|0x0000000089e00000, 0x0000000089e00000, 0x0000000089f00000|  0%| F|  |TAMS 0x0000000089e00000, 0x0000000089e00000| Untracked 
| 105|0x0000000089f00000, 0x0000000089f00000, 0x000000008a000000|  0%| F|  |TAMS 0x0000000089f00000, 0x0000000089f00000| Untracked 
| 106|0x000000008a000000, 0x000000008a000000, 0x000000008a100000|  0%| F|  |TAMS 0x000000008a000000, 0x000000008a000000| Untracked 
| 107|0x000000008a100000, 0x000000008a100000, 0x000000008a200000|  0%| F|  |TAMS 0x000000008a100000, 0x000000008a100000| Untracked 
| 108|0x000000008a200000, 0x000000008a200000, 0x000000008a300000|  0%| F|  |TAMS 0x000000008a200000, 0x000000008a200000| Untracked 
| 109|0x000000008a300000, 0x000000008a300000, 0x000000008a400000|  0%| F|  |TAMS 0x000000008a300000, 0x000000008a300000| Untracked 
| 110|0x000000008a400000, 0x000000008a400000, 0x000000008a500000|  0%| F|  |TAMS 0x000000008a400000, 0x000000008a400000| Untracked 
| 111|0x000000008a500000, 0x000000008a500000, 0x000000008a600000|  0%| F|  |TAMS 0x000000008a500000, 0x000000008a500000| Untracked 
| 112|0x000000008a600000, 0x000000008a600000, 0x000000008a700000|  0%| F|  |TAMS 0x000000008a600000, 0x000000008a600000| Untracked 
| 113|0x000000008a700000, 0x000000008a700000, 0x000000008a800000|  0%| F|  |TAMS 0x000000008a700000, 0x000000008a700000| Untracked 
| 114|0x000000008a800000, 0x000000008a800000, 0x000000008a900000|  0%| F|  |TAMS 0x000000008a800000, 0x000000008a800000| Untracked 
| 115|0x000000008a900000, 0x000000008a900000, 0x000000008aa00000|  0%| F|  |TAMS 0x000000008a900000, 0x000000008a900000| Untracked 
| 116|0x000000008aa00000, 0x000000008aa00000, 0x000000008ab00000|  0%| F|  |TAMS 0x000000008aa00000, 0x000000008aa00000| Untracked 
| 117|0x000000008ab00000, 0x000000008ab00000, 0x000000008ac00000|  0%| F|  |TAMS 0x000000008ab00000, 0x000000008ab00000| Untracked 
| 118|0x000000008ac00000, 0x000000008ac00000, 0x000000008ad00000|  0%| F|  |TAMS 0x000000008ac00000, 0x000000008ac00000| Untracked 
| 119|0x000000008ad00000, 0x000000008ad00000, 0x000000008ae00000|  0%| F|  |TAMS 0x000000008ad00000, 0x000000008ad00000| Untracked 
| 120|0x000000008ae00000, 0x000000008ae00000, 0x000000008af00000|  0%| F|  |TAMS 0x000000008ae00000, 0x000000008ae00000| Untracked 
| 121|0x000000008af00000, 0x000000008af00000, 0x000000008b000000|  0%| F|  |TAMS 0x000000008af00000, 0x000000008af00000| Untracked 
| 122|0x000000008b000000, 0x000000008b000000, 0x000000008b100000|  0%| F|  |TAMS 0x000000008b000000, 0x000000008b000000| Untracked 
| 123|0x000000008b100000, 0x000000008b100000, 0x000000008b200000|  0%| F|  |TAMS 0x000000008b100000, 0x000000008b100000| Untracked 
| 124|0x000000008b200000, 0x000000008b200000, 0x000000008b300000|  0%| F|  |TAMS 0x000000008b200000, 0x000000008b200000| Untracked 
| 125|0x000000008b300000, 0x000000008b300000, 0x000000008b400000|  0%| F|  |TAMS 0x000000008b300000, 0x000000008b300000| Untracked 
| 126|0x000000008b400000, 0x000000008b400000, 0x000000008b500000|  0%| F|  |TAMS 0x000000008b400000, 0x000000008b400000| Untracked 
| 127|0x000000008b500000, 0x000000008b500000, 0x000000008b600000|  0%| F|  |TAMS 0x000000008b500000, 0x000000008b500000| Untracked 
| 128|0x000000008b600000, 0x000000008b600000, 0x000000008b700000|  0%| F|  |TAMS 0x000000008b600000, 0x000000008b600000| Untracked 
| 129|0x000000008b700000, 0x000000008b700000, 0x000000008b800000|  0%| F|  |TAMS 0x000000008b700000, 0x000000008b700000| Untracked 
| 130|0x000000008b800000, 0x000000008b800000, 0x000000008b900000|  0%| F|  |TAMS 0x000000008b800000, 0x000000008b800000| Untracked 
| 131|0x000000008b900000, 0x000000008b900000, 0x000000008ba00000|  0%| F|  |TAMS 0x000000008b900000, 0x000000008b900000| Untracked 
| 132|0x000000008ba00000, 0x000000008ba00000, 0x000000008bb00000|  0%| F|  |TAMS 0x000000008ba00000, 0x000000008ba00000| Untracked 
| 133|0x000000008bb00000, 0x000000008bb00000, 0x000000008bc00000|  0%| F|  |TAMS 0x000000008bb00000, 0x000000008bb00000| Untracked 
| 134|0x000000008bc00000, 0x000000008bc00000, 0x000000008bd00000|  0%| F|  |TAMS 0x000000008bc00000, 0x000000008bc00000| Untracked 
| 135|0x000000008bd00000, 0x000000008bd00000, 0x000000008be00000|  0%| F|  |TAMS 0x000000008bd00000, 0x000000008bd00000| Untracked 
| 136|0x000000008be00000, 0x000000008be00000, 0x000000008bf00000|  0%| F|  |TAMS 0x000000008be00000, 0x000000008be00000| Untracked 
| 137|0x000000008bf00000, 0x000000008bf00000, 0x000000008c000000|  0%| F|  |TAMS 0x000000008bf00000, 0x000000008bf00000| Untracked 
| 138|0x000000008c000000, 0x000000008c000000, 0x000000008c100000|  0%| F|  |TAMS 0x000000008c000000, 0x000000008c000000| Untracked 
| 139|0x000000008c100000, 0x000000008c100000, 0x000000008c200000|  0%| F|  |TAMS 0x000000008c100000, 0x000000008c100000| Untracked 
| 140|0x000000008c200000, 0x000000008c200000, 0x000000008c300000|  0%| F|  |TAMS 0x000000008c200000, 0x000000008c200000| Untracked 
| 141|0x000000008c300000, 0x000000008c300000, 0x000000008c400000|  0%| F|  |TAMS 0x000000008c300000, 0x000000008c300000| Untracked 
| 142|0x000000008c400000, 0x000000008c400000, 0x000000008c500000|  0%| F|  |TAMS 0x000000008c400000, 0x000000008c400000| Untracked 
| 143|0x000000008c500000, 0x000000008c500000, 0x000000008c600000|  0%| F|  |TAMS 0x000000008c500000, 0x000000008c500000| Untracked 
| 144|0x000000008c600000, 0x000000008c600000, 0x000000008c700000|  0%| F|  |TAMS 0x000000008c600000, 0x000000008c600000| Untracked 
| 145|0x000000008c700000, 0x000000008c700000, 0x000000008c800000|  0%| F|  |TAMS 0x000000008c700000, 0x000000008c700000| Untracked 
| 146|0x000000008c800000, 0x000000008c800000, 0x000000008c900000|  0%| F|  |TAMS 0x000000008c800000, 0x000000008c800000| Untracked 
| 147|0x000000008c900000, 0x000000008c900000, 0x000000008ca00000|  0%| F|  |TAMS 0x000000008c900000, 0x000000008c900000| Untracked 
| 148|0x000000008ca00000, 0x000000008ca00000, 0x000000008cb00000|  0%| F|  |TAMS 0x000000008ca00000, 0x000000008ca00000| Untracked 
| 149|0x000000008cb00000, 0x000000008cb00000, 0x000000008cc00000|  0%| F|  |TAMS 0x000000008cb00000, 0x000000008cb00000| Untracked 
| 150|0x000000008cc00000, 0x000000008cc00000, 0x000000008cd00000|  0%| F|  |TAMS 0x000000008cc00000, 0x000000008cc00000| Untracked 
| 151|0x000000008cd00000, 0x000000008cd00000, 0x000000008ce00000|  0%| F|  |TAMS 0x000000008cd00000, 0x000000008cd00000| Untracked 
| 152|0x000000008ce00000, 0x000000008ce00000, 0x000000008cf00000|  0%| F|  |TAMS 0x000000008ce00000, 0x000000008ce00000| Untracked 
| 153|0x000000008cf00000, 0x000000008cf00000, 0x000000008d000000|  0%| F|  |TAMS 0x000000008cf00000, 0x000000008cf00000| Untracked 
| 154|0x000000008d000000, 0x000000008d000000, 0x000000008d100000|  0%| F|  |TAMS 0x000000008d000000, 0x000000008d000000| Untracked 
| 155|0x000000008d100000, 0x000000008d100000, 0x000000008d200000|  0%| F|  |TAMS 0x000000008d100000, 0x000000008d100000| Untracked 
| 156|0x000000008d200000, 0x000000008d200000, 0x000000008d300000|  0%| F|  |TAMS 0x000000008d200000, 0x000000008d200000| Untracked 
| 157|0x000000008d300000, 0x000000008d300000, 0x000000008d400000|  0%| F|  |TAMS 0x000000008d300000, 0x000000008d300000| Untracked 
| 158|0x000000008d400000, 0x000000008d400000, 0x000000008d500000|  0%| F|  |TAMS 0x000000008d400000, 0x000000008d400000| Untracked 
| 159|0x000000008d500000, 0x000000008d500000, 0x000000008d600000|  0%| F|  |TAMS 0x000000008d500000, 0x000000008d500000| Untracked 
| 160|0x000000008d600000, 0x000000008d600000, 0x000000008d700000|  0%| F|  |TAMS 0x000000008d600000, 0x000000008d600000| Untracked 
| 161|0x000000008d700000, 0x000000008d700000, 0x000000008d800000|  0%| F|  |TAMS 0x000000008d700000, 0x000000008d700000| Untracked 
| 162|0x000000008d800000, 0x000000008d800000, 0x000000008d900000|  0%| F|  |TAMS 0x000000008d800000, 0x000000008d800000| Untracked 
| 163|0x000000008d900000, 0x000000008d900000, 0x000000008da00000|  0%| F|  |TAMS 0x000000008d900000, 0x000000008d900000| Untracked 
| 164|0x000000008da00000, 0x000000008da00000, 0x000000008db00000|  0%| F|  |TAMS 0x000000008da00000, 0x000000008da00000| Untracked 
| 165|0x000000008db00000, 0x000000008db00000, 0x000000008dc00000|  0%| F|  |TAMS 0x000000008db00000, 0x000000008db00000| Untracked 
| 166|0x000000008dc00000, 0x000000008dc00000, 0x000000008dd00000|  0%| F|  |TAMS 0x000000008dc00000, 0x000000008dc00000| Untracked 
| 167|0x000000008dd00000, 0x000000008dd00000, 0x000000008de00000|  0%| F|  |TAMS 0x000000008dd00000, 0x000000008dd00000| Untracked 
| 168|0x000000008de00000, 0x000000008de00000, 0x000000008df00000|  0%| F|  |TAMS 0x000000008de00000, 0x000000008de00000| Untracked 
| 169|0x000000008df00000, 0x000000008df00000, 0x000000008e000000|  0%| F|  |TAMS 0x000000008df00000, 0x000000008df00000| Untracked 
| 170|0x000000008e000000, 0x000000008e000000, 0x000000008e100000|  0%| F|  |TAMS 0x000000008e000000, 0x000000008e000000| Untracked 
| 171|0x000000008e100000, 0x000000008e100000, 0x000000008e200000|  0%| F|  |TAMS 0x000000008e100000, 0x000000008e100000| Untracked 
| 172|0x000000008e200000, 0x000000008e200000, 0x000000008e300000|  0%| F|  |TAMS 0x000000008e200000, 0x000000008e200000| Untracked 
| 173|0x000000008e300000, 0x000000008e300000, 0x000000008e400000|  0%| F|  |TAMS 0x000000008e300000, 0x000000008e300000| Untracked 
| 174|0x000000008e400000, 0x000000008e469798, 0x000000008e500000| 41%| E|  |TAMS 0x000000008e400000, 0x000000008e400000| Complete 
| 175|0x000000008e500000, 0x000000008e600000, 0x000000008e600000|100%| E|CS|TAMS 0x000000008e500000, 0x000000008e500000| Complete 
| 176|0x000000008e600000, 0x000000008e700000, 0x000000008e700000|100%| E|CS|TAMS 0x000000008e600000, 0x000000008e600000| Complete 
| 177|0x000000008e700000, 0x000000008e800000, 0x000000008e800000|100%| E|CS|TAMS 0x000000008e700000, 0x000000008e700000| Complete 
| 178|0x000000008e800000, 0x000000008e900000, 0x000000008e900000|100%| E|CS|TAMS 0x000000008e800000, 0x000000008e800000| Complete 
| 179|0x000000008e900000, 0x000000008ea00000, 0x000000008ea00000|100%| E|CS|TAMS 0x000000008e900000, 0x000000008e900000| Complete 
| 180|0x000000008ea00000, 0x000000008eb00000, 0x000000008eb00000|100%| E|CS|TAMS 0x000000008ea00000, 0x000000008ea00000| Complete 
| 181|0x000000008eb00000, 0x000000008ec00000, 0x000000008ec00000|100%| E|CS|TAMS 0x000000008eb00000, 0x000000008eb00000| Complete 
| 182|0x000000008ec00000, 0x000000008ed00000, 0x000000008ed00000|100%| E|CS|TAMS 0x000000008ec00000, 0x000000008ec00000| Complete 

Card table byte_map: [0x0000013a5dbb0000,0x0000013a5dfa0000] _byte_map_base: 0x0000013a5d795000

Marking Bits (Prev, Next): (CMBitMap*) 0x0000013a46df4b68, (CMBitMap*) 0x0000013a46df4ba0
 Prev Bits: [0x0000013a5e390000, 0x0000013a602b8000)
 Next Bits: [0x0000013a602c0000, 0x0000013a621e8000)

Polling page: 0x0000013a44d30000

Metaspace:

Usage:
  Non-class:     50.27 MB capacity,    49.41 MB ( 98%) used,   691.63 KB (  1%) free+waste,   186.44 KB ( <1%) overhead. 
      Class:      7.77 MB capacity,     7.14 MB ( 92%) used,   551.54 KB (  7%) free+waste,    92.50 KB (  1%) overhead. 
       Both:     58.04 MB capacity,    56.55 MB ( 97%) used,     1.21 MB (  2%) free+waste,   278.94 KB ( <1%) overhead. 

Virtual space:
  Non-class space:       52.00 MB reserved,      50.50 MB ( 97%) committed 
      Class space:        1.00 GB reserved,       7.88 MB ( <1%) committed 
             Both:        1.05 GB reserved,      58.38 MB (  5%) committed 

Chunk freelists:
   Non-Class:  5.25 KB
       Class:  1.62 KB
        Both:  6.88 KB

CodeHeap 'non-profiled nmethods': size=120000Kb used=2626Kb max_used=2626Kb free=117373Kb
 bounds [0x0000013a55f60000, 0x0000013a56200000, 0x0000013a5d490000]
CodeHeap 'profiled nmethods': size=120000Kb used=11232Kb max_used=11232Kb free=108767Kb
 bounds [0x0000013a4ea30000, 0x0000013a4f530000, 0x0000013a55f60000]
CodeHeap 'non-nmethods': size=5760Kb used=1240Kb max_used=1265Kb free=4519Kb
 bounds [0x0000013a4e490000, 0x0000013a4e700000, 0x0000013a4ea30000]
 total_blobs=5991 nmethods=5370 adapters=531
 compilation: enabled
              stopped_count=0, restarted_count=0
 full_count=0

Compilation events (10 events):
Event: 59.839 Thread 0x0000013a64c66800 5479       3       sun.misc.Unsafe::getInt (9 bytes)
Event: 59.839 Thread 0x0000013a64c66800 nmethod 5479 0x0000013a4f526890 code [0x0000013a4f526a20, 0x0000013a4f526b18]
Event: 59.839 Thread 0x0000013a64c66800 5480       3       io.netty.buffer.AbstractReferenceCountedByteBuf$1::unsafeOffset (4 bytes)
Event: 59.839 Thread 0x0000013a64c66800 nmethod 5480 0x0000013a4f526b90 code [0x0000013a4f526d20, 0x0000013a4f526e78]
Event: 59.839 Thread 0x0000013a64c66800 5481       3       io.netty.buffer.AbstractReferenceCountedByteBuf::access$100 (4 bytes)
Event: 59.839 Thread 0x0000013a64c66800 nmethod 5481 0x0000013a4f526f10 code [0x0000013a4f5270a0, 0x0000013a4f527198]
Event: 59.841 Thread 0x0000013a64c66800 5483       3       java.lang.ClassLoader::compareCerts (201 bytes)
Event: 59.842 Thread 0x0000013a64c66800 nmethod 5483 0x0000013a4f527210 code [0x0000013a4f527420, 0x0000013a4f527c78]
Event: 59.843 Thread 0x0000013a64c66800 5484       3       java.lang.Module::isNamed (13 bytes)
Event: 59.843 Thread 0x0000013a64c66800 nmethod 5484 0x0000013a4f527f90 code [0x0000013a4f528120, 0x0000013a4f528278]

GC Heap History (10 events):
Event: 2.818 GC heap before
{Heap before GC invocations=7 (full 0):
 garbage-first heap   total 155648K, used 96590K [0x0000000083600000, 0x0000000100000000)
  region size 1024K, 91 young (93184K), 7 survivors (7168K)
 Metaspace       used 32198K, capacity 32898K, committed 33152K, reserved 1079296K
  class space    used 3812K, capacity 4098K, committed 4224K, reserved 1048576K
}
Event: 2.827 GC heap after
{Heap after GC invocations=8 (full 0):
 garbage-first heap   total 155648K, used 11978K [0x0000000083600000, 0x0000000100000000)
  region size 1024K, 8 young (8192K), 8 survivors (8192K)
 Metaspace       used 32198K, capacity 32898K, committed 33152K, reserved 1079296K
  class space    used 3812K, capacity 4098K, committed 4224K, reserved 1048576K
}
Event: 3.142 GC heap before
{Heap before GC invocations=8 (full 0):
 garbage-first heap   total 155648K, used 52938K [0x0000000083600000, 0x0000000100000000)
  region size 1024K, 49 young (50176K), 8 survivors (8192K)
 Metaspace       used 34989K, capacity 35719K, committed 35840K, reserved 1081344K
  class space    used 4212K, capacity 4527K, committed 4608K, reserved 1048576K
}
Event: 3.152 GC heap after
{Heap after GC invocations=9 (full 0):
 garbage-first heap   total 155648K, used 13085K [0x0000000083600000, 0x0000000100000000)
  region size 1024K, 8 young (8192K), 8 survivors (8192K)
 Metaspace       used 34989K, capacity 35719K, committed 35840K, reserved 1081344K
  class space    used 4212K, capacity 4527K, committed 4608K, reserved 1048576K
}
Event: 4.553 GC heap before
{Heap before GC invocations=10 (full 0):
 garbage-first heap   total 155648K, used 98077K [0x0000000083600000, 0x0000000100000000)
  region size 1024K, 91 young (93184K), 8 survivors (8192K)
 Metaspace       used 41129K, capacity 42118K, committed 42368K, reserved 1085440K
  class space    used 5049K, capacity 5445K, committed 5504K, reserved 1048576K
}
Event: 4.566 GC heap after
{Heap after GC invocations=11 (full 0):
 garbage-first heap   total 187392K, used 15849K [0x0000000083600000, 0x0000000100000000)
  region size 1024K, 9 young (9216K), 9 survivors (9216K)
 Metaspace       used 41129K, capacity 42118K, committed 42368K, reserved 1085440K
  class space    used 5049K, capacity 5445K, committed 5504K, reserved 1048576K
}
Event: 6.134 GC heap before
{Heap before GC invocations=11 (full 0):
 garbage-first heap   total 187392K, used 118249K [0x0000000083600000, 0x0000000100000000)
  region size 1024K, 109 young (111616K), 9 survivors (9216K)
 Metaspace       used 48550K, capacity 49806K, committed 49920K, reserved 1093632K
  class space    used 6043K, capacity 6560K, committed 6656K, reserved 1048576K
}
Event: 6.143 GC heap after
{Heap after GC invocations=12 (full 0):
 garbage-first heap   total 187392K, used 20698K [0x0000000083600000, 0x0000000100000000)
  region size 1024K, 12 young (12288K), 12 survivors (12288K)
 Metaspace       used 48550K, capacity 49806K, committed 49920K, reserved 1093632K
  class space    used 6043K, capacity 6560K, committed 6656K, reserved 1048576K
}
Event: 59.058 GC heap before
{Heap before GC invocations=12 (full 0):
 garbage-first heap   total 187392K, used 119002K [0x0000000083600000, 0x0000000100000000)
  region size 1024K, 109 young (111616K), 12 survivors (12288K)
 Metaspace       used 56824K, capacity 58321K, committed 58496K, reserved 1099776K
  class space    used 7153K, capacity 7771K, committed 7808K, reserved 1048576K
}
Event: 59.073 GC heap after
{Heap after GC invocations=13 (full 0):
 garbage-first heap   total 187392K, used 23474K [0x0000000083600000, 0x0000000100000000)
  region size 1024K, 9 young (9216K), 9 survivors (9216K)
 Metaspace       used 56824K, capacity 58321K, committed 58496K, reserved 1099776K
  class space    used 7153K, capacity 7771K, committed 7808K, reserved 1048576K
}

Deoptimization events (10 events):
Event: 58.785 Thread 0x0000013a65f79800 Uncommon trap: reason=unstable_if action=reinterpret pc=0x0000013a5619fb94 method=java.util.concurrent.ConcurrentHashMap.putVal(Ljava/lang/Object;Ljava/lang/Object;Z)Ljava/lang/Object; @ 97 c2
Event: 58.786 Thread 0x0000013a65f7f000 Uncommon trap: reason=unstable_if action=reinterpret pc=0x0000013a561c3098 method=java.lang.reflect.Executable.declaredAnnotations()Ljava/util/Map; @ 19 c2
Event: 58.798 Thread 0x0000013a65f7f000 Uncommon trap: reason=unstable_if action=reinterpret pc=0x0000013a55f824c4 method=java.lang.CharacterData.of(I)Ljava/lang/CharacterData; @ 4 c2
Event: 58.801 Thread 0x0000013a65f7f000 Uncommon trap: reason=unstable_if action=reinterpret pc=0x0000013a56043400 method=java.lang.CharacterDataLatin1.isWhitespace(I)Z @ 14 c2
Event: 58.824 Thread 0x0000013a65f79800 Uncommon trap: reason=unstable_if action=reinterpret pc=0x0000013a5610bc58 method=java.lang.Class.newReflectionData(Ljava/lang/ref/SoftReference;I)Ljava/lang/Class$ReflectionData; @ 22 c2
Event: 59.013 Thread 0x0000013a65f79800 Uncommon trap: reason=unstable_if action=reinterpret pc=0x0000013a55f7ee5c method=java.lang.String.indexOf(II)I @ 4 c2
Event: 59.834 Thread 0x0000013a65f79800 Uncommon trap: reason=bimorphic_or_optimized_type_check action=maybe_recompile pc=0x0000013a561059e4 method=java.lang.ThreadLocal.set(Ljava/lang/Object;)V @ 6 c2
Event: 59.834 Thread 0x0000013a65f79800 Uncommon trap: reason=bimorphic_or_optimized_type_check action=maybe_recompile pc=0x0000013a561059e4 method=java.lang.ThreadLocal.set(Ljava/lang/Object;)V @ 6 c2
Event: 59.834 Thread 0x0000013a65f79800 Uncommon trap: reason=bimorphic_or_optimized_type_check action=maybe_recompile pc=0x0000013a561059e4 method=java.lang.ThreadLocal.set(Ljava/lang/Object;)V @ 6 c2
Event: 59.834 Thread 0x0000013a65f79800 Uncommon trap: reason=bimorphic_or_optimized_type_check action=maybe_recompile pc=0x0000013a561059e4 method=java.lang.ThreadLocal.set(Ljava/lang/Object;)V @ 6 c2

Classes redefined (0 events):
No events

Internal exceptions (10 events):
Event: 59.022 Thread 0x0000013a65f79800 Exception <a 'java/lang/NoSuchMethodError'{0x0000000088f73530}: java.lang.invoke.DirectMethodHandle$Holder.invokeSpecial(Ljava/lang/Object;Ljava/lang/Object;IILjava/lang/Object;Ljava/lang/Object;Ljava/lang/Object;Ljava/lang/Object;)Ljava/lang/Object;> (0x
Event: 59.022 Thread 0x0000013a65f79800 Exception <a 'java/lang/NoSuchMethodError'{0x0000000088f77708}: java.lang.invoke.DelegatingMethodHandle$Holder.reinvoke_L(Ljava/lang/Object;IILjava/lang/Object;Ljava/lang/Object;Ljava/lang/Object;Ljava/lang/Object;)Ljava/lang/Object;> (0x0000000088f77708)
Event: 59.027 Thread 0x0000013a65f79800 Exception <a 'java/io/FileNotFoundException'{0x0000000088e0dfd8}> (0x0000000088e0dfd8) thrown at [./open/src/hotspot/share/prims/jni.cpp, line 611]
Event: 59.045 Thread 0x0000013a65f79800 Exception <a 'java/lang/NoSuchMethodError'{0x0000000088d14458}: java.lang.invoke.DirectMethodHandle$Holder.invokeSpecial(Ljava/lang/Object;Ljava/lang/Object;Ljava/lang/Object;Ljava/lang/Object;Ljava/lang/Object;Ljava/lang/Object;Ljava/lang/Object;)V> (0x0
Event: 59.076 Thread 0x0000013a65f79800 Exception <a 'java/lang/NoSuchMethodError'{0x000000008ecacf30}: java.lang.invoke.Invokers$Holder.linkToTargetMethod(Ljava/lang/Object;JLjava/lang/Object;Ljava/lang/Object;)Ljava/lang/Object;> (0x000000008ecacf30) thrown at [./open/src/hotspot/share/interp
Event: 59.114 Thread 0x0000013a65f79800 Exception <a 'java/lang/NoSuchMethodError'{0x000000008e816258}: java.lang.invoke.Invokers$Holder.linkToTargetMethod(Ljava/lang/Object;ILjava/lang/Object;Ljava/lang/Object;Ljava/lang/Object;Ljava/lang/Object;)Ljava/lang/Object;> (0x000000008e816258) thrown
Event: 59.115 Thread 0x0000013a65f79800 Exception <a 'java/lang/NoSuchMethodError'{0x000000008e81a010}: java.lang.invoke.DirectMethodHandle$Holder.invokeStatic(Ljava/lang/Object;Ljava/lang/Object;Ljava/lang/Object;ILjava/lang/Object;Ljava/lang/Object;)Ljava/lang/Object;> (0x000000008e81a010) th
Event: 59.124 Thread 0x0000013a65f79800 Exception <a 'java/lang/NoSuchMethodError'{0x000000008e8c0e18}: java.lang.invoke.DirectMethodHandle$Holder.invokeStatic(Ljava/lang/Object;Ljava/lang/Object;Ljava/lang/Object;Ljava/lang/Object;ILjava/lang/Object;)Ljava/lang/Object;> (0x000000008e8c0e18) th
Event: 59.124 Thread 0x0000013a65f79800 Exception <a 'java/lang/NoSuchMethodError'{0x000000008e8c4648}: java.lang.invoke.DirectMethodHandle$Holder.invokeSpecial(Ljava/lang/Object;Ljava/lang/Object;Ljava/lang/Object;Ljava/lang/Object;Ljava/lang/Object;ILjava/lang/Object;)Ljava/lang/Object;> (0x0
Event: 59.124 Thread 0x0000013a65f79800 Exception <a 'java/lang/NoSuchMethodError'{0x000000008e8c7978}: java.lang.invoke.Invokers$Holder.linkToTargetMethod(Ljava/lang/Object;Ljava/lang/Object;Ljava/lang/Object;ILjava/lang/Object;Ljava/lang/Object;)Ljava/lang/Object;> (0x000000008e8c7978) thrown

Events (10 events):
Event: 59.843 loading class reactor/netty/ConnectionObserver
Event: 59.843 loading class reactor/netty/ConnectionObserver done
Event: 59.843 loading class reactor/netty/resources/DefaultPooledConnectionProvider$PooledConnection
Event: 59.843 loading class reactor/netty/resources/DefaultPooledConnectionProvider$PooledConnection done
Event: 59.843 loading class reactor/netty/ConnectionObserver
Event: 59.843 loading class reactor/netty/ConnectionObserver done
Event: 59.843 loading class reactor/netty/resources/DefaultPooledConnectionProvider$PooledConnection
Event: 59.843 loading class reactor/netty/resources/DefaultPooledConnectionProvider$PooledConnection done
Event: 59.843 loading class reactor/netty/internal/shaded/reactor/pool/SimpleDequePool$QueuePoolRecyclerInner
Event: 59.843 loading class reactor/netty/internal/shaded/reactor/pool/SimpleDequePool$QueuePoolRecyclerInner done


Dynamic libraries:
0x00007ff714400000 - 0x00007ff714410000 	C:\Program Files\Java\jdk-11\bin\java.exe
0x00007ff9389d0000 - 0x00007ff938be4000 	C:\WINDOWS\SYSTEM32\ntdll.dll
0x00007ff9381c0000 - 0x00007ff938284000 	C:\WINDOWS\System32\KERNEL32.DLL
0x00007ff935d80000 - 0x00007ff936124000 	C:\WINDOWS\System32\KERNELBASE.dll
0x00007ff936130000 - 0x00007ff936241000 	C:\WINDOWS\System32\ucrtbase.dll
0x00007ff920eb0000 - 0x00007ff920ecb000 	C:\Program Files\Java\jdk-11\bin\VCRUNTIME140.dll
0x00007ff9210b0000 - 0x00007ff9210c8000 	C:\Program Files\Java\jdk-11\bin\jli.dll
0x00007ff938100000 - 0x00007ff9381b0000 	C:\WINDOWS\System32\ADVAPI32.dll
0x00007ff9385c0000 - 0x00007ff938667000 	C:\WINDOWS\System32\msvcrt.dll
0x00007ff937f50000 - 0x00007ff937ff6000 	C:\WINDOWS\System32\sechost.dll
0x00007ff938670000 - 0x00007ff938787000 	C:\WINDOWS\System32\RPCRT4.dll
0x00007ff936840000 - 0x00007ff9369ee000 	C:\WINDOWS\System32\USER32.dll
0x00007ff91cec0000 - 0x00007ff91d153000 	C:\WINDOWS\WinSxS\amd64_microsoft.windows.common-controls_6595b64144ccf1df_6.0.22621.2215_none_270d72677387dfc3\COMCTL32.dll
0x00007ff936730000 - 0x00007ff936756000 	C:\WINDOWS\System32\win32u.dll
0x00007ff938960000 - 0x00007ff938989000 	C:\WINDOWS\System32\GDI32.dll
0x00007ff936250000 - 0x00007ff936368000 	C:\WINDOWS\System32\gdi32full.dll
0x00007ff936610000 - 0x00007ff9366aa000 	C:\WINDOWS\System32\msvcp_win.dll
0x00007ff923820000 - 0x00007ff92382a000 	C:\WINDOWS\SYSTEM32\VERSION.dll
0x00007ff938840000 - 0x00007ff938871000 	C:\WINDOWS\System32\IMM32.DLL
0x00007ff922170000 - 0x00007ff92217c000 	C:\Program Files\Java\jdk-11\bin\vcruntime140_1.dll
0x00007ff910bf0000 - 0x00007ff910c7e000 	C:\Program Files\Java\jdk-11\bin\msvcp140.dll
0x00007ff8e5af0000 - 0x00007ff8e6658000 	C:\Program Files\Java\jdk-11\bin\server\jvm.dll
0x00007ff936ca0000 - 0x00007ff936ca8000 	C:\WINDOWS\System32\PSAPI.DLL
0x00007ff9332e0000 - 0x00007ff933314000 	C:\WINDOWS\SYSTEM32\WINMM.dll
0x00007ff9111f0000 - 0x00007ff9111f9000 	C:\WINDOWS\SYSTEM32\WSOCK32.dll
0x00007ff938000000 - 0x00007ff938071000 	C:\WINDOWS\System32\WS2_32.dll
0x00007ff934ec0000 - 0x00007ff934ed8000 	C:\WINDOWS\SYSTEM32\kernel.appcore.dll
0x00007ff9220c0000 - 0x00007ff9220d0000 	C:\Program Files\Java\jdk-11\bin\verify.dll
0x00007ff933660000 - 0x00007ff93388e000 	C:\WINDOWS\SYSTEM32\DBGHELP.DLL
0x00007ff937a60000 - 0x00007ff937dea000 	C:\WINDOWS\System32\combase.dll
0x00007ff936760000 - 0x00007ff936837000 	C:\WINDOWS\System32\OLEAUT32.dll
0x00007ff9332a0000 - 0x00007ff9332d2000 	C:\WINDOWS\SYSTEM32\dbgcore.DLL
0x00007ff9366b0000 - 0x00007ff93672a000 	C:\WINDOWS\System32\bcryptPrimitives.dll
0x00007ff91f870000 - 0x00007ff91f898000 	C:\Program Files\Java\jdk-11\bin\java.dll
0x00007ff920db0000 - 0x00007ff920dba000 	C:\Program Files\Java\jdk-11\bin\jimage.dll
0x00007ff920940000 - 0x00007ff920957000 	C:\Program Files\Java\jdk-11\bin\zip.dll
0x00007ff936cb0000 - 0x00007ff9374d3000 	C:\WINDOWS\System32\SHELL32.dll
0x00007ff933d20000 - 0x00007ff93460a000 	C:\WINDOWS\SYSTEM32\windows.storage.dll
0x00007ff933be0000 - 0x00007ff933d1e000 	C:\WINDOWS\SYSTEM32\wintypes.dll
0x00007ff937df0000 - 0x00007ff937ee3000 	C:\WINDOWS\System32\SHCORE.dll
0x00007ff937ef0000 - 0x00007ff937f4e000 	C:\WINDOWS\System32\shlwapi.dll
0x00007ff935cb0000 - 0x00007ff935cd6000 	C:\WINDOWS\SYSTEM32\profapi.dll
0x00007ff920680000 - 0x00007ff920699000 	C:\Program Files\Java\jdk-11\bin\net.dll
0x00007ff92ae10000 - 0x00007ff92af47000 	C:\WINDOWS\SYSTEM32\WINHTTP.dll
0x00007ff935340000 - 0x00007ff9353a9000 	C:\WINDOWS\system32\mswsock.dll
0x00007ff91f850000 - 0x00007ff91f862000 	C:\Program Files\Java\jdk-11\bin\nio.dll
0x00007ff934920000 - 0x00007ff93494d000 	C:\WINDOWS\SYSTEM32\IPHLPAPI.DLL
0x00007ff9381b0000 - 0x00007ff9381b9000 	C:\WINDOWS\System32\NSI.dll
0x00007ff927f90000 - 0x00007ff927fa9000 	C:\WINDOWS\SYSTEM32\dhcpcsvc6.DLL
0x00007ff924b20000 - 0x00007ff924b3f000 	C:\WINDOWS\SYSTEM32\dhcpcsvc.DLL
0x00007ff934950000 - 0x00007ff934a42000 	C:\WINDOWS\SYSTEM32\DNSAPI.dll
0x00007ff927f80000 - 0x00007ff927f8a000 	C:\Windows\System32\rasadhlp.dll
0x00007ff920c90000 - 0x00007ff920c99000 	C:\Program Files\Java\jdk-11\bin\management.dll
0x00007ff920a90000 - 0x00007ff920a9b000 	C:\Program Files\Java\jdk-11\bin\management_ext.dll
0x00007ff91a670000 - 0x00007ff91a687000 	C:\WINDOWS\system32\napinsp.dll
0x00007ff91a640000 - 0x00007ff91a65b000 	C:\WINDOWS\system32\pnrpnsp.dll
0x00007ff91a580000 - 0x00007ff91a591000 	C:\WINDOWS\System32\winrnr.dll
0x00007ff9245d0000 - 0x00007ff9245e5000 	C:\WINDOWS\system32\wshbth.dll
0x00007ff91a550000 - 0x00007ff91a571000 	C:\WINDOWS\system32\nlansp_c.dll
0x00007ff924480000 - 0x00007ff924504000 	C:\WINDOWS\System32\fwpuclnt.dll
0x00007ff9355a0000 - 0x00007ff9355bb000 	C:\WINDOWS\SYSTEM32\CRYPTSP.dll
0x00007ff934e30000 - 0x00007ff934e65000 	C:\WINDOWS\system32\rsaenh.dll
0x00007ff935430000 - 0x00007ff93545c000 	C:\WINDOWS\SYSTEM32\USERENV.dll
0x00007ff935750000 - 0x00007ff935778000 	C:\WINDOWS\SYSTEM32\bcrypt.dll
0x00007ff935590000 - 0x00007ff93559c000 	C:\WINDOWS\SYSTEM32\CRYPTBASE.dll
0x00007ff91f220000 - 0x00007ff91f247000 	C:\Program Files\Java\jdk-11\bin\sunec.dll

dbghelp: loaded successfully - version: 4.0.5 - missing functions: none
symbol engine: initialized successfully - sym options: 0x614 - pdb path: .;C:\Program Files\Java\jdk-11\bin;C:\WINDOWS\SYSTEM32;C:\WINDOWS\WinSxS\amd64_microsoft.windows.common-controls_6595b64144ccf1df_6.0.22621.2215_none_270d72677387dfc3;C:\Program Files\Java\jdk-11\bin\server

VM Arguments:
java_command: apigateway-0.0.1-SNAPSHOT.jar
java_class_path (initial): apigateway-0.0.1-SNAPSHOT.jar
Launcher Type: SUN_STANDARD

[Global flags]
     intx CICompilerCount                          = 4                                         {product} {ergonomic}
     uint ConcGCThreads                            = 2                                         {product} {ergonomic}
     uint G1ConcRefinementThreads                  = 8                                         {product} {ergonomic}
   size_t G1HeapRegionSize                         = 1048576                                   {product} {ergonomic}
    uintx GCDrainStackTargetSize                   = 64                                        {product} {ergonomic}
   size_t InitialHeapSize                          = 132120576                                 {product} {ergonomic}
   size_t MarkStackSize                            = 4194304                                   {product} {ergonomic}
   size_t MaxHeapSize                              = 2090860544                                {product} {ergonomic}
   size_t MaxNewSize                               = 1254096896                                {product} {ergonomic}
   size_t MinHeapDeltaBytes                        = 1048576                                   {product} {ergonomic}
    uintx NonNMethodCodeHeapSize                   = 5836300                                {pd product} {ergonomic}
    uintx NonProfiledCodeHeapSize                  = 122910970                              {pd product} {ergonomic}
    uintx ProfiledCodeHeapSize                     = 122910970                              {pd product} {ergonomic}
    uintx ReservedCodeCacheSize                    = 251658240                              {pd product} {ergonomic}
     bool SegmentedCodeCache                       = true                                      {product} {ergonomic}
     bool UseCompressedClassPointers               = true                                 {lp64_product} {ergonomic}
     bool UseCompressedOops                        = true                                 {lp64_product} {ergonomic}
     bool UseG1GC                                  = true                                      {product} {ergonomic}
     bool UseLargePagesIndividualAllocation        = false                                  {pd product} {ergonomic}

Logging:
Log output configuration:
 #0: stdout all=warning uptime,level,tags
 #1: stderr all=off uptime,level,tags

Environment Variables:
JAVA_HOME=C:\Program Files\Java\jdk-11
PATH=C:\Git\cmd;C:\WINDOWS\system32;C:\WINDOWS;C:\WINDOWS\System32\Wbem;C:\WINDOWS\System32\WindowsPowerShell\v1.0\;C:\WINDOWS\System32\OpenSSH\;C:\Program Files\nodejs\;C:\Program Files\dotnet\;C:\Program Files\Java\jdk-11\bin;C:\Program Files\MySQL\MySQL Shell 8.0\bin\;C:\Users\DELL\AppData\Local\Programs\Eclipse Adoptium\jdk-17.0.4.101-hotspot\bin;C:\Users\DELL\AppData\Local\Microsoft\WindowsApps;C:\Users\DELL\AppData\Local\Programs\Microsoft VS Code\bin;C:\Users\DELL\.dotnet\tools;C:\ProgramData\DELL\GitHubDesktop\bin;C:\Users\DELL\AppData\Local\GitHubDesktop\bin;C:\Users\DELL\AppData\Roaming\npm
USERNAME=DELL
OS=Windows_NT
PROCESSOR_IDENTIFIER=Intel64 Family 6 Model 158 Stepping 10, GenuineIntel



---------------  S Y S T E M  ---------------

OS: Windows 11 , 64 bit Build 22621 (10.0.22621.2215)

CPU:total 8 (initial active 8) (4 cores per cpu, 2 threads per core) family 6 model 158 stepping 10 microcode 0xde, cmov, cx8, fxsr, mmx, sse, sse2, sse3, ssse3, sse4.1, sse4.2, popcnt, avx, avx2, aes, clmul, erms, 3dnowpref, lzcnt, ht, tsc, tscinvbit, bmi1, bmi2, adx, fma

Memory: 4k page, system-wide physical 7973M (280M free)
TotalPageFile size 24007M (AvailPageFile size 3M)
current process WorkingSet (physical memory assigned to process): 303M, peak: 305M
current process commit charge ("private bytes"): 372M, peak: 381M

vm_info: Java HotSpot(TM) 64-Bit Server VM (11.0.18+9-LTS-195) for windows-amd64 JRE (11.0.18+9-LTS-195), built on Dec  6 2022 15:50:58 by "mach5one" with MS VC++ 17.1 (VS2022)

END.
